0 info it worked if it ends with ok
1 verbose cli [ '/usr/bin/nodejs',
1 verbose cli   '/usr/bin/npm',
1 verbose cli   'install',
1 verbose cli   '--save',
1 verbose cli   'socket.io',
1 verbose cli   '-g' ]
2 info using npm@1.3.10
3 info using node@v0.10.25
4 verbose cache add [ 'socket.io', null ]
5 verbose cache add name=undefined spec="socket.io" args=["socket.io",null]
6 verbose parsed url { protocol: null,
6 verbose parsed url   slashes: null,
6 verbose parsed url   auth: null,
6 verbose parsed url   host: null,
6 verbose parsed url   port: null,
6 verbose parsed url   hostname: null,
6 verbose parsed url   hash: null,
6 verbose parsed url   search: null,
6 verbose parsed url   query: null,
6 verbose parsed url   pathname: 'socket.io',
6 verbose parsed url   path: 'socket.io',
6 verbose parsed url   href: 'socket.io' }
7 silly lockFile 71475bfd-socket-io socket.io
8 verbose lock socket.io /home/shresh/.npm/71475bfd-socket-io.lock
9 silly lockFile 71475bfd-socket-io socket.io
10 silly lockFile 71475bfd-socket-io socket.io
11 verbose addNamed [ 'socket.io', '' ]
12 verbose addNamed [ null, '*' ]
13 silly lockFile c03de861-socket-io socket.io@
14 verbose lock socket.io@ /home/shresh/.npm/c03de861-socket-io.lock
15 silly addNameRange { name: 'socket.io', range: '*', hasData: false }
16 verbose url raw socket.io
17 verbose url resolving [ 'https://registry.npmjs.org/', './socket.io' ]
18 verbose url resolved https://registry.npmjs.org/socket.io
19 info trying registry request attempt 1 at 22:27:21
20 verbose etag "SK4L2M6085PE84H2SAKDOOO2"
21 http GET https://registry.npmjs.org/socket.io
22 http 304 https://registry.npmjs.org/socket.io
23 silly registry.get cb [ 304,
23 silly registry.get   { date: 'Fri, 03 Jun 2016 16:57:23 GMT',
23 silly registry.get     via: '1.1 varnish',
23 silly registry.get     'cache-control': 'max-age=300',
23 silly registry.get     etag: '"SK4L2M6085PE84H2SAKDOOO2"',
23 silly registry.get     age: '97',
23 silly registry.get     connection: 'keep-alive',
23 silly registry.get     'x-served-by': 'cache-sin6921-SIN',
23 silly registry.get     'x-cache': 'HIT',
23 silly registry.get     'x-cache-hits': '1',
23 silly registry.get     'x-timer': 'S1464973043.288221,VS0,VE0',
23 silly registry.get     vary: 'Accept-Encoding' } ]
24 verbose etag socket.io from cache
25 silly addNameRange number 2 { name: 'socket.io', range: '*', hasData: true }
26 silly addNameRange versions [ 'socket.io',
26 silly addNameRange   [ '0.3.8',
26 silly addNameRange     '0.4.0',
26 silly addNameRange     '0.4.1',
26 silly addNameRange     '0.5.1',
26 silly addNameRange     '0.5.3',
26 silly addNameRange     '0.6.0',
26 silly addNameRange     '0.6.1',
26 silly addNameRange     '0.6.3',
26 silly addNameRange     '0.6.4',
26 silly addNameRange     '0.6.5',
26 silly addNameRange     '0.6.6',
26 silly addNameRange     '0.6.7',
26 silly addNameRange     '0.6.8',
26 silly addNameRange     '0.6.9',
26 silly addNameRange     '0.6.10',
26 silly addNameRange     '0.6.11',
26 silly addNameRange     '0.6.12',
26 silly addNameRange     '0.6.14',
26 silly addNameRange     '0.6.15',
26 silly addNameRange     '0.6.16',
26 silly addNameRange     '0.6.17',
26 silly addNameRange     '0.6.18',
26 silly addNameRange     '0.7.0',
26 silly addNameRange     '0.7.1',
26 silly addNameRange     '0.7.2',
26 silly addNameRange     '0.7.3',
26 silly addNameRange     '0.7.4',
26 silly addNameRange     '0.7.5',
26 silly addNameRange     '0.7.6',
26 silly addNameRange     '0.7.7',
26 silly addNameRange     '0.7.8',
26 silly addNameRange     '0.7.9',
26 silly addNameRange     '0.7.10',
26 silly addNameRange     '0.7.11',
26 silly addNameRange     '0.8.0',
26 silly addNameRange     '0.8.1',
26 silly addNameRange     '0.8.2',
26 silly addNameRange     '0.8.3',
26 silly addNameRange     '0.8.4',
26 silly addNameRange     '0.8.5',
26 silly addNameRange     '0.8.6',
26 silly addNameRange     '0.8.7',
26 silly addNameRange     '0.9.0',
26 silly addNameRange     '0.9.1',
26 silly addNameRange     '0.9.1-1',
26 silly addNameRange     '0.9.2',
26 silly addNameRange     '0.9.3',
26 silly addNameRange     '0.9.4',
26 silly addNameRange     '0.9.5',
26 silly addNameRange     '0.9.6',
26 silly addNameRange     '0.9.7',
26 silly addNameRange     '0.9.8',
26 silly addNameRange     '0.9.9',
26 silly addNameRange     '0.9.10',
26 silly addNameRange     '0.9.11',
26 silly addNameRange     '0.9.12',
26 silly addNameRange     '0.9.13',
26 silly addNameRange     '0.9.14',
26 silly addNameRange     '0.9.15',
26 silly addNameRange     '0.9.16',
26 silly addNameRange     '1.0.0-pre',
26 silly addNameRange     '1.0.0-pre2',
26 silly addNameRange     '1.0.0-pre3',
26 silly addNameRange     '1.0.0-pre4',
26 silly addNameRange     '1.0.0-pre5',
26 silly addNameRange     '0.9.17',
26 silly addNameRange     '1.0.0',
26 silly addNameRange     '1.0.1',
26 silly addNameRange     '1.0.2',
26 silly addNameRange     '1.0.3',
26 silly addNameRange     '1.0.4',
26 silly addNameRange     '1.0.5',
26 silly addNameRange     '1.0.6',
26 silly addNameRange     '1.1.0',
26 silly addNameRange     '1.2.0',
26 silly addNameRange     '1.2.1',
26 silly addNameRange     '1.3.0',
26 silly addNameRange     '1.3.1',
26 silly addNameRange     '1.3.2',
26 silly addNameRange     '1.3.3',
26 silly addNameRange     '1.3.4',
26 silly addNameRange     '1.3.5',
26 silly addNameRange     '1.3.6',
26 silly addNameRange     '1.3.7',
26 silly addNameRange     '1.4.0',
26 silly addNameRange     '1.4.1',
26 silly addNameRange     '1.4.2',
26 silly addNameRange     '1.4.3',
26 silly addNameRange     '1.4.4',
26 silly addNameRange     '1.4.5',
26 silly addNameRange     '1.4.6' ] ]
27 verbose addNamed [ 'socket.io', '1.4.6' ]
28 verbose addNamed [ '1.4.6', '1.4.6' ]
29 silly lockFile b2dff5f8-socket-io-1-4-6 socket.io@1.4.6
30 verbose lock socket.io@1.4.6 /home/shresh/.npm/b2dff5f8-socket-io-1-4-6.lock
31 silly lockFile b2dff5f8-socket-io-1-4-6 socket.io@1.4.6
32 silly lockFile b2dff5f8-socket-io-1-4-6 socket.io@1.4.6
33 silly lockFile c03de861-socket-io socket.io@
34 silly lockFile c03de861-socket-io socket.io@
35 silly resolved [ { name: 'socket.io',
35 silly resolved     version: '1.4.6',
35 silly resolved     description: 'node.js realtime framework server',
35 silly resolved     keywords:
35 silly resolved      [ 'realtime',
35 silly resolved        'framework',
35 silly resolved        'websocket',
35 silly resolved        'tcp',
35 silly resolved        'events',
35 silly resolved        'socket',
35 silly resolved        'io' ],
35 silly resolved     main: './lib/index',
35 silly resolved     license: 'MIT',
35 silly resolved     repository: { type: 'git', url: 'git://github.com/Automattic/socket.io' },
35 silly resolved     scripts: { test: 'mocha --reporter dot --slow 200ms --bail' },
35 silly resolved     dependencies:
35 silly resolved      { 'engine.io': '1.6.9',
35 silly resolved        'socket.io-parser': '2.2.6',
35 silly resolved        'socket.io-client': '1.4.6',
35 silly resolved        'socket.io-adapter': '0.4.0',
35 silly resolved        'has-binary': '0.1.7',
35 silly resolved        debug: '2.2.0' },
35 silly resolved     devDependencies:
35 silly resolved      { 'expect.js': '0.3.1',
35 silly resolved        istanbul: '0.4.1',
35 silly resolved        mocha: '2.3.4',
35 silly resolved        superagent: '1.6.1',
35 silly resolved        supertest: '1.1.0',
35 silly resolved        'zuul-ngrok': '3.2.0' },
35 silly resolved     contributors: [ [Object], [Object], [Object], [Object] ],
35 silly resolved     readme: '\n# socket.io\n\n[![Build Status](https://secure.travis-ci.org/socketio/socket.io.svg)](https://travis-ci.org/socketio/socket.io)\n[![Dependency Status](https://david-dm.org/socketio/socket.io.svg)](https://david-dm.org/socketio/socket.io)\n[![devDependency Status](https://david-dm.org/socketio/socket.io/dev-status.svg)](https://david-dm.org/socketio/socket.io#info=devDependencies)\n![NPM version](https://badge.fury.io/js/socket.io.svg)\n![Downloads](https://img.shields.io/npm/dm/socket.io.svg?style=flat)\n[![](http://slack.socket.io/badge.svg?)](http://slack.socket.io)\n\n## How to use\n\nThe following example attaches socket.io to a plain Node.JS\nHTTP server listening on port `3000`.\n\n```js\nvar server = require(\'http\').createServer();\nvar io = require(\'socket.io\')(server);\nio.on(\'connection\', function(socket){\n  socket.on(\'event\', function(data){});\n  socket.on(\'disconnect\', function(){});\n});\nserver.listen(3000);\n```\n\n### Standalone\n\n```js\nvar io = require(\'socket.io\')();\nio.on(\'connection\', function(socket){});\nio.listen(3000);\n```\n\n### In conjunction with Express\n\nStarting with **3.0**, express applications have become request handler\nfunctions that you pass to `http` or `http` `Server` instances. You need\nto pass the `Server` to `socket.io`, and not the express application\nfunction.\n\n```js\nvar app = require(\'express\')();\nvar server = require(\'http\').createServer(app);\nvar io = require(\'socket.io\')(server);\nio.on(\'connection\', function(){ /* … */ });\nserver.listen(3000);\n```\n\n### In conjunction with Koa\n\nLike Express.JS, Koa works by exposing an application as a request\nhandler function, but only by calling the `callback` method.\n\n```js\nvar app = require(\'koa\')();\nvar server = require(\'http\').createServer(app.callback());\nvar io = require(\'socket.io\')(server);\nio.on(\'connection\', function(){ /* … */ });\nserver.listen(3000);\n```\n\n## API\n\n### Server\n\n  Exposed by `require(\'socket.io\')`.\n\n### Server()\n\n  Creates a new `Server`. Works with and without `new`:\n\n  ```js\n  var io = require(\'socket.io\')();\n  // or\n  var Server = require(\'socket.io\');\n  var io = new Server();\n  ```\n\n### Server(opts:Object)\n\n  Optionally, the first or second argument (see below) of the `Server`\n  constructor can be an options object.\n\n  The following options are supported:\n\n  - `serveClient` sets the value for Server#serveClient()\n  - `path` sets the value for Server#path()\n\n  The same options passed to socket.io are always passed to\n  the `engine.io` `Server` that gets created. See engine.io\n  [options](https://github.com/socketio/engine.io#methods-1)\n  as reference.\n\n### Server(srv:http#Server, opts:Object)\n\n  Creates a new `Server` and attaches it to the given `srv`. Optionally\n  `opts` can be passed.\n\n### Server(port:Number, opts:Object)\n\n  Binds socket.io to a new `http.Server` that listens on `port`.\n\n### Server#serveClient(v:Boolean):Server\n\n  If `v` is `true` the attached server (see `Server#attach`) will serve\n  the client files. Defaults to `true`.\n\n  This method has no effect after `attach` is called.\n\n  ```js\n  // pass a server and the `serveClient` option\n  var io = require(\'socket.io\')(http, { serveClient: false });\n\n  // or pass no server and then you can call the method\n  var io = require(\'socket.io\')();\n  io.serveClient(false);\n  io.attach(http);\n  ```\n\n  If no arguments are supplied this method returns the current value.\n\n### Server#path(v:String):Server\n\n  Sets the path `v` under which `engine.io` and the static files will be\n  served. Defaults to `/socket.io`.\n\n  If no arguments are supplied this method returns the current value.\n\n### Server#adapter(v:Adapter):Server\n\n  Sets the adapter `v`. Defaults to an instance of the `Adapter` that\n  ships with socket.io which is memory based. See\n  [socket.io-adapter](https://github.com/socketio/socket.io-adapter).\n\n  If no arguments are supplied this method returns the current value.\n\n### Server#origins(v:String):Server\n\n  Sets the allowed origins `v`. Defaults to any origins being allowed.\n\n  If no arguments are supplied this method returns the current value.\n\n### Server#origins(v:Function):Server\n\n  Sets the allowed origins as dynamic function. Function takes two arguments `origin:String` and `callback(error, success)`, where `success` is a boolean value indicating whether origin is allowed or not.\n\n  __Potential drawbacks__:\n  * in some situations, when it is not possible to determine `origin` it may have value of `*`\n  * As this function will be executed for every request, it is advised to make this function work as fast as possible\n  * If `socket.io` is used together with `Express`, the CORS headers will be affected only for `socket.io` requests. For Express can use [cors](https://github.com/expressjs/cors)\n\n\n### Server#sockets:Namespace\n\n  The default (`/`) namespace.\n\n### Server#attach(srv:http#Server, opts:Object):Server\n\n  Attaches the `Server` to an engine.io instance on `srv` with the\n  supplied `opts` (optionally).\n\n### Server#attach(port:Number, opts:Object):Server\n\n  Attaches the `Server` to an engine.io instance that is bound to `port`\n  with the given `opts` (optionally).\n\n### Server#listen\n\n  Synonym of `Server#attach`.\n\n### Server#bind(srv:engine#Server):Server\n\n  Advanced use only. Binds the server to a specific engine.io `Server`\n  (or compatible API) instance.\n\n### Server#onconnection(socket:engine#Socket):Server\n\n  Advanced use only. Creates a new `socket.io` client from the incoming\n  engine.io (or compatible API) `socket`.\n\n### Server#of(nsp:String):Namespace\n\n  Initializes and retrieves the given `Namespace` by its pathname\n  identifier `nsp`.\n\n  If the namespace was already initialized it returns it right away.\n\n### Server#emit\n\n  Emits an event to all connected clients. The following two are\n  equivalent:\n\n  ```js\n  var io = require(\'socket.io\')();\n  io.sockets.emit(\'an event sent to all connected clients\');\n  io.emit(\'an event sent to all connected clients\');\n  ```\n\n  For other available methods, see `Namespace` below.\n\n### Server#close\n\n  Closes socket server\n\n  ```js\n  var Server = require(\'socket.io\');\n  var PORT   = 3030;\n  var server = require(\'http\').Server();\n\n  var io = Server(PORT);\n\n  io.close(); // Close current server\n\n  server.listen(PORT); // PORT is free to use\n\n  io = Server(server);\n  ```\n\n### Server#use\n\n  See `Namespace#use` below.\n\n### Namespace\n\n  Represents a pool of sockets connected under a given scope identified\n  by a pathname (eg: `/chat`).\n\n  By default the client always connects to `/`.\n\n#### Events\n\n  - `connection` / `connect`. Fired upon a connection.\n\n    Parameters:\n    - `Socket` the incoming socket.\n\n### Namespace#name:String\n\n  The namespace identifier property.\n\n### Namespace#connected:Object<Socket>\n\n  Hash of `Socket` objects that are connected to this namespace indexed\n  by `id`.\n\n### Namespace#clients(fn:Function)\n\n  Gets a list of client IDs connected to this namespace (across all nodes if applicable).\n\n  An example to get all clients in a namespace:\n\n  ```js\n  var io = require(\'socket.io\')();\n  io.of(\'/chat\').clients(function(error, clients){\n    if (error) throw error;\n    console.log(clients); // => [PZDoMHjiu8PYfRiKAAAF, Anw2LatarvGVVXEIAAAD]\n  });\n  ```\n\n  An example to get all clients in namespace\'s room:\n\n  ```js\n  var io = require(\'socket.io\')();\n  io.of(\'/chat\').in(\'general\').clients(function(error, clients){\n    if (error) throw error;\n    console.log(clients); // => [Anw2LatarvGVVXEIAAAD]\n  });\n  ```\n\n  As with broadcasting, the default is all clients from the default namespace (\'/\'):\n\n  ```js\n  var io = require(\'socket.io\')();\n  io.clients(function(error, clients){\n    if (error) throw error;\n    console.log(clients); // => [6em3d4TJP8Et9EMNAAAA, G5p55dHhGgUnLUctAAAB]\n  });\n  ```\n\n### Namespace#use(fn:Function):Namespace\n\n  Registers a middleware, which is a function that gets executed for\n  every incoming `Socket` and receives as parameter the socket and a\n  function to optionally defer execution to the next registered\n  middleware.\n\n  ```js\n  var io = require(\'socket.io\')();\n  io.use(function(socket, next){\n    if (socket.request.headers.cookie) return next();\n    next(new Error(\'Authentication error\'));\n  });\n  ```\n\n  Errors passed to middleware callbacks are sent as special `error`\n  packets to clients.\n\n### Socket\n\n  A `Socket` is the fundamental class for interacting with browser\n  clients. A `Socket` belongs to a certain `Namespace` (by default `/`)\n  and uses an underlying `Client` to communicate.\n\n### Socket#rooms:Object\n\n  A hash of strings identifying the rooms this socket is in, indexed by\n  room name.\n\n### Socket#client:Client\n\n  A reference to the underlying `Client` object.\n\n### Socket#conn:Socket\n\n  A reference to the underlying `Client` transport connection (engine.io\n  `Socket` object).\n\n### Socket#request:Request\n\n  A getter proxy that returns the reference to the `request` that\n  originated the underlying engine.io `Client`. Useful for accessing\n  request headers such as `Cookie` or `User-Agent`.\n\n### Socket#id:String\n\n  A unique identifier for the socket session, that comes from the\n  underlying `Client`.\n\n### Socket#emit(name:String[, …]):Socket\n\n  Emits an event to the socket identified by the string `name`. Any\n  other parameters can be included.\n\n  All datastructures are supported, including `Buffer`. JavaScript\n  functions can\'t be serialized/deserialized.\n\n  ```js\n  var io = require(\'socket.io\')();\n  io.on(\'connection\', function(socket){\n    socket.emit(\'an event\', { some: \'data\' });\n  });\n  ```\n\n### Socket#join(name:String[, fn:Function]):Socket\n\n  Adds the socket to the `room`, and fires optionally a callback `fn`\n  with `err` signature (if any).\n\n  The socket is automatically a member of a room identified with its\n  session id (see `Socket#id`).\n\n  The mechanics of joining  rooms are handled by the `Adapter`\n  that has been configured (see `Server#adapter` above), defaulting to\n  [socket.io-adapter](https://github.com/socketio/socket.io-adapter).\n\n### Socket#leave(name:String[, fn:Function]):Socket\n\n  Removes the socket from `room`, and fires optionally a callback `fn`\n  with `err` signature (if any).\n\n  **Rooms are left automatically upon disconnection**.\n\n  The mechanics of leaving rooms are handled by the `Adapter`\n  that has been configured (see `Server#adapter` above), defaulting to\n  [socket.io-adapter](https://github.com/socketio/socket.io-adapter).\n\n### Socket#to(room:String):Socket\n\n  Sets a modifier for a subsequent event emission that the event will\n  only be _broadcasted_ to sockets that have joined the given `room`.\n\n  To emit to multiple rooms, you can call `to` several times.\n\n  ```js\n  var io = require(\'socket.io\')();\n  io.on(\'connection\', function(socket){\n    socket.to(\'others\').emit(\'an event\', { some: \'data\' });\n  });\n  ```\n\n### Socket#in(room:String):Socket\n\n  Same as `Socket#to`\n\n### Socket#compress(v:Boolean):Socket\n\n  Sets a modifier for a subsequent event emission that the event data will\n  only be _compressed_ if the value is `true`. Defaults to `true` when you don\'t call the method.\n\n  ```js\n  var io = require(\'socket.io\')();\n  io.on(\'connection\', function(socket){\n    socket.compress(false).emit(\'an event\', { some: \'data\' });\n  });\n  ```\n\n### Client\n\n  The `Client` class represents an incoming transport (engine.io)\n  connection. A `Client` can be associated with many multiplexed `Socket`\n  that belong to different `Namespace`s.\n\n### Client#conn\n\n  A reference to the underlying `engine.io` `Socket` connection.\n\n### Client#request\n\n  A getter proxy that returns the reference to the `request` that\n  originated the engine.io connection. Useful for accessing\n  request headers such as `Cookie` or `User-Agent`.\n\n## Debug / logging\n\nSocket.IO is powered by [debug](https://github.com/visionmedia/debug).\nIn order to see all the debug output, run your app with the environment variable\n`DEBUG` including the desired scope.\n\nTo see the output from all of Socket.IO\'s debugging scopes you can use:\n\n```\nDEBUG=socket.io* node myapp\n```\n\n## License\n\nMIT\n',
35 silly resolved     readmeFilename: 'Readme.md',
35 silly resolved     bugs: { url: 'https://github.com/Automattic/socket.io/issues' },
35 silly resolved     _id: 'socket.io@1.4.6',
35 silly resolved     _from: 'socket.io@' } ]
36 info install socket.io@1.4.6 into /usr/local/lib
37 info installOne socket.io@1.4.6
38 info /usr/local/lib/node_modules/socket.io unbuild
39 verbose tar unpack /home/shresh/.npm/socket.io/1.4.6/package.tgz
40 silly lockFile 33051dcf-local-lib-node-modules-socket-io tar:///usr/local/lib/node_modules/socket.io
41 verbose lock tar:///usr/local/lib/node_modules/socket.io /home/shresh/.npm/33051dcf-local-lib-node-modules-socket-io.lock
42 silly lockFile dc89b8dc--npm-socket-io-1-4-6-package-tgz tar:///home/shresh/.npm/socket.io/1.4.6/package.tgz
43 verbose lock tar:///home/shresh/.npm/socket.io/1.4.6/package.tgz /home/shresh/.npm/dc89b8dc--npm-socket-io-1-4-6-package-tgz.lock
44 silly gunzTarPerm modes [ '755', '644' ]
45 error Error: EACCES, mkdir '/usr/local/lib/node_modules'
45 error  { [Error: EACCES, mkdir '/usr/local/lib/node_modules']
45 error   errno: 3,
45 error   code: 'EACCES',
45 error   path: '/usr/local/lib/node_modules',
45 error   fstream_type: 'Directory',
45 error   fstream_path: '/usr/local/lib/node_modules/socket.io',
45 error   fstream_class: 'DirWriter',
45 error   fstream_stack:
45 error    [ '/usr/lib/nodejs/fstream/lib/writer.js:171:23',
45 error      '/usr/lib/nodejs/mkdirp/index.js:37:53',
45 error      'Object.oncomplete (fs.js:107:15)' ] }
46 error Please try running this command again as root/Administrator.
47 error System Linux 3.13.0-85-generic
48 error command "/usr/bin/nodejs" "/usr/bin/npm" "install" "--save" "socket.io" "-g"
49 error cwd /home/shresh/Desktop/chatbot
50 error node -v v0.10.25
51 error npm -v 1.3.10
52 error path /usr/local/lib/node_modules
53 error fstream_path /usr/local/lib/node_modules/socket.io
54 error fstream_type Directory
55 error fstream_class DirWriter
56 error code EACCES
57 error errno 3
58 error stack Error: EACCES, mkdir '/usr/local/lib/node_modules'
59 error fstream_stack /usr/lib/nodejs/fstream/lib/writer.js:171:23
59 error fstream_stack /usr/lib/nodejs/mkdirp/index.js:37:53
59 error fstream_stack Object.oncomplete (fs.js:107:15)
60 verbose exit [ 3, true ]
